java.lang.ClassCastException: navigators.smart.reconfiguration.views.View cannot be cast to br.unb.cic.replication.Response
	at br.unb.cic.replication.client.TupleSpaceClient$1.compare(TupleSpaceClient.java:36)
	at br.unb.cic.replication.client.TupleSpaceClient$1.compare(TupleSpaceClient.java:32)
	at navigators.smart.tom.ServiceProxy.replyReceived(ServiceProxy.java:322)
	at navigators.smart.communication.client.netty.NettyClientServerCommunicationSystemClientSide.messageReceived(NettyClientServerCommunicationSystemClientSide.java:262)
	at org.jboss.netty.channel.SimpleChannelUpstreamHandler.handleUpstream(SimpleChannelUpstreamHandler.java:87)
	at org.jboss.netty.channel.DefaultChannelPipeline.sendUpstream(DefaultChannelPipeline.java:567)
	at org.jboss.netty.channel.DefaultChannelPipeline$DefaultChannelHandlerContext.sendUpstream(DefaultChannelPipeline.java:803)
	at org.jboss.netty.channel.SimpleChannelHandler.messageReceived(SimpleChannelHandler.java:159)
	at org.jboss.netty.channel.SimpleChannelHandler.handleUpstream(SimpleChannelHandler.java:105)
	at org.jboss.netty.channel.DefaultChannelPipeline.sendUpstream(DefaultChannelPipeline.java:567)
	at org.jboss.netty.channel.DefaultChannelPipeline$DefaultChannelHandlerContext.sendUpstream(DefaultChannelPipeline.java:803)
	at org.jboss.netty.channel.Channels.fireMessageReceived(Channels.java:385)
	at org.jboss.netty.handler.codec.frame.FrameDecoder.unfoldAndFireMessageReceived(FrameDecoder.java:324)
	at org.jboss.netty.handler.codec.frame.FrameDecoder.callDecode(FrameDecoder.java:306)
	at org.jboss.netty.handler.codec.frame.FrameDecoder.messageReceived(FrameDecoder.java:223)
	at org.jboss.netty.channel.SimpleChannelUpstreamHandler.handleUpstream(SimpleChannelUpstreamHandler.java:87)
	at org.jboss.netty.channel.DefaultChannelPipeline.sendUpstream(DefaultChannelPipeline.java:567)
	at org.jboss.netty.channel.DefaultChannelPipeline.sendUpstream(DefaultChannelPipeline.java:562)
	at org.jboss.netty.channel.Channels.fireMessageReceived(Channels.java:342)
	at org.jboss.netty.channel.Channels.fireMessageReceived(Channels.java:329)
	at org.jboss.netty.channel.socket.nio.NioWorker.read(NioWorker.java:330)
	at org.jboss.netty.channel.socket.nio.NioWorker.processSelectedKeys(NioWorker.java:282)
	at org.jboss.netty.channel.socket.nio.NioWorker.run(NioWorker.java:203)
	at org.jboss.netty.util.ThreadRenamingRunnable.run(ThreadRenamingRunnable.java:113)
	at org.jboss.netty.util.internal.IoWorkerRunnable.run(IoWorkerRunnable.java:53)
	at java.util.concurrent.ThreadPoolExecutor.runWorker(Unknown Source)
	at java.util.concurrent.ThreadPoolExecutor$Worker.run(Unknown Source)
	at java.lang.Thread.run(Unknown Source)
java.lang.ClassCastException: navigators.smart.reconfiguration.views.View cannot be cast to br.unb.cic.replication.Response
	at br.unb.cic.replication.client.TupleSpaceClient$1.compare(TupleSpaceClient.java:36)
	at br.unb.cic.replication.client.TupleSpaceClient$1.compare(TupleSpaceClient.java:32)
	at navigators.smart.tom.ServiceProxy.replyReceived(ServiceProxy.java:322)
	at navigators.smart.communication.client.netty.NettyClientServerCommunicationSystemClientSide.messageReceived(NettyClientServerCommunicationSystemClientSide.java:262)
	at org.jboss.netty.channel.SimpleChannelUpstreamHandler.handleUpstream(SimpleChannelUpstreamHandler.java:87)
	at org.jboss.netty.channel.DefaultChannelPipeline.sendUpstream(DefaultChannelPipeline.java:567)
	at org.jboss.netty.channel.DefaultChannelPipeline$DefaultChannelHandlerContext.sendUpstream(DefaultChannelPipeline.java:803)
	at org.jboss.netty.channel.SimpleChannelHandler.messageReceived(SimpleChannelHandler.java:159)
	at org.jboss.netty.channel.SimpleChannelHandler.handleUpstream(SimpleChannelHandler.java:105)
	at org.jboss.netty.channel.DefaultChannelPipeline.sendUpstream(DefaultChannelPipeline.java:567)
	at org.jboss.netty.channel.DefaultChannelPipeline$DefaultChannelHandlerContext.sendUpstream(DefaultChannelPipeline.java:803)
	at org.jboss.netty.channel.Channels.fireMessageReceived(Channels.java:385)
	at org.jboss.netty.handler.codec.frame.FrameDecoder.unfoldAndFireMessageReceived(FrameDecoder.java:324)
	at org.jboss.netty.handler.codec.frame.FrameDecoder.callDecode(FrameDecoder.java:306)
	at org.jboss.netty.handler.codec.frame.FrameDecoder.messageReceived(FrameDecoder.java:223)
	at org.jboss.netty.channel.SimpleChannelUpstreamHandler.handleUpstream(SimpleChannelUpstreamHandler.java:87)
	at org.jboss.netty.channel.DefaultChannelPipeline.sendUpstream(DefaultChannelPipeline.java:567)
	at org.jboss.netty.channel.DefaultChannelPipeline.sendUpstream(DefaultChannelPipeline.java:562)
	at org.jboss.netty.channel.Channels.fireMessageReceived(Channels.java:342)
	at org.jboss.netty.channel.Channels.fireMessageReceived(Channels.java:329)
	at org.jboss.netty.channel.socket.nio.NioWorker.read(NioWorker.java:330)
	at org.jboss.netty.channel.socket.nio.NioWorker.processSelectedKeys(NioWorker.java:282)
	at org.jboss.netty.channel.socket.nio.NioWorker.run(NioWorker.java:203)
	at org.jboss.netty.util.ThreadRenamingRunnable.run(ThreadRenamingRunnable.java:113)
	at org.jboss.netty.util.internal.IoWorkerRunnable.run(IoWorkerRunnable.java:53)
	at java.util.concurrent.ThreadPoolExecutor.runWorker(Unknown Source)
	at java.util.concurrent.ThreadPoolExecutor$Worker.run(Unknown Source)
	at java.lang.Thread.run(Unknown Source)
java.lang.ClassCastException: navigators.smart.reconfiguration.views.View cannot be cast to br.unb.cic.replication.Response
	at br.unb.cic.replication.client.TupleSpaceClient$1.compare(TupleSpaceClient.java:36)
	at br.unb.cic.replication.client.TupleSpaceClient$1.compare(TupleSpaceClient.java:32)
	at navigators.smart.tom.ServiceProxy.replyReceived(ServiceProxy.java:322)
	at navigators.smart.communication.client.netty.NettyClientServerCommunicationSystemClientSide.messageReceived(NettyClientServerCommunicationSystemClientSide.java:262)
	at org.jboss.netty.channel.SimpleChannelUpstreamHandler.handleUpstream(SimpleChannelUpstreamHandler.java:87)
	at org.jboss.netty.channel.DefaultChannelPipeline.sendUpstream(DefaultChannelPipeline.java:567)
	at org.jboss.netty.channel.DefaultChannelPipeline$DefaultChannelHandlerContext.sendUpstream(DefaultChannelPipeline.java:803)
	at org.jboss.netty.channel.SimpleChannelHandler.messageReceived(SimpleChannelHandler.java:159)
	at org.jboss.netty.channel.SimpleChannelHandler.handleUpstream(SimpleChannelHandler.java:105)
	at org.jboss.netty.channel.DefaultChannelPipeline.sendUpstream(DefaultChannelPipeline.java:567)
	at org.jboss.netty.channel.DefaultChannelPipeline$DefaultChannelHandlerContext.sendUpstream(DefaultChannelPipeline.java:803)
	at org.jboss.netty.channel.Channels.fireMessageReceived(Channels.java:385)
	at org.jboss.netty.handler.codec.frame.FrameDecoder.unfoldAndFireMessageReceived(FrameDecoder.java:324)
	at org.jboss.netty.handler.codec.frame.FrameDecoder.callDecode(FrameDecoder.java:306)
	at org.jboss.netty.handler.codec.frame.FrameDecoder.messageReceived(FrameDecoder.java:223)
	at org.jboss.netty.channel.SimpleChannelUpstreamHandler.handleUpstream(SimpleChannelUpstreamHandler.java:87)
	at org.jboss.netty.channel.DefaultChannelPipeline.sendUpstream(DefaultChannelPipeline.java:567)
	at org.jboss.netty.channel.DefaultChannelPipeline.sendUpstream(DefaultChannelPipeline.java:562)
	at org.jboss.netty.channel.Channels.fireMessageReceived(Channels.java:342)
	at org.jboss.netty.channel.Channels.fireMessageReceived(Channels.java:329)
	at org.jboss.netty.channel.socket.nio.NioWorker.read(NioWorker.java:330)
	at org.jboss.netty.channel.socket.nio.NioWorker.processSelectedKeys(NioWorker.java:282)
	at org.jboss.netty.channel.socket.nio.NioWorker.run(NioWorker.java:203)
	at org.jboss.netty.util.ThreadRenamingRunnable.run(ThreadRenamingRunnable.java:113)
	at org.jboss.netty.util.internal.IoWorkerRunnable.run(IoWorkerRunnable.java:53)
	at java.util.concurrent.ThreadPoolExecutor.runWorker(Unknown Source)
	at java.util.concurrent.ThreadPoolExecutor$Worker.run(Unknown Source)
	at java.lang.Thread.run(Unknown Source)
java.lang.ClassCastException: navigators.smart.reconfiguration.views.View cannot be cast to br.unb.cic.replication.Response
	at br.unb.cic.replication.client.TupleSpaceClient$1.compare(TupleSpaceClient.java:36)
	at br.unb.cic.replication.client.TupleSpaceClient$1.compare(TupleSpaceClient.java:32)
	at navigators.smart.tom.ServiceProxy.replyReceived(ServiceProxy.java:322)
	at navigators.smart.communication.client.netty.NettyClientServerCommunicationSystemClientSide.messageReceived(NettyClientServerCommunicationSystemClientSide.java:262)
	at org.jboss.netty.channel.SimpleChannelUpstreamHandler.handleUpstream(SimpleChannelUpstreamHandler.java:87)
	at org.jboss.netty.channel.DefaultChannelPipeline.sendUpstream(DefaultChannelPipeline.java:567)
	at org.jboss.netty.channel.DefaultChannelPipeline$DefaultChannelHandlerContext.sendUpstream(DefaultChannelPipeline.java:803)
	at org.jboss.netty.channel.SimpleChannelHandler.messageReceived(SimpleChannelHandler.java:159)
	at org.jboss.netty.channel.SimpleChannelHandler.handleUpstream(SimpleChannelHandler.java:105)
	at org.jboss.netty.channel.DefaultChannelPipeline.sendUpstream(DefaultChannelPipeline.java:567)
	at org.jboss.netty.channel.DefaultChannelPipeline$DefaultChannelHandlerContext.sendUpstream(DefaultChannelPipeline.java:803)
	at org.jboss.netty.channel.Channels.fireMessageReceived(Channels.java:385)
	at org.jboss.netty.handler.codec.frame.FrameDecoder.unfoldAndFireMessageReceived(FrameDecoder.java:324)
	at org.jboss.netty.handler.codec.frame.FrameDecoder.callDecode(FrameDecoder.java:306)
	at org.jboss.netty.handler.codec.frame.FrameDecoder.messageReceived(FrameDecoder.java:223)
	at org.jboss.netty.channel.SimpleChannelUpstreamHandler.handleUpstream(SimpleChannelUpstreamHandler.java:87)
	at org.jboss.netty.channel.DefaultChannelPipeline.sendUpstream(DefaultChannelPipeline.java:567)
	at org.jboss.netty.channel.DefaultChannelPipeline.sendUpstream(DefaultChannelPipeline.java:562)
	at org.jboss.netty.channel.Channels.fireMessageReceived(Channels.java:342)
	at org.jboss.netty.channel.Channels.fireMessageReceived(Channels.java:329)
	at org.jboss.netty.channel.socket.nio.NioWorker.read(NioWorker.java:330)
	at org.jboss.netty.channel.socket.nio.NioWorker.processSelectedKeys(NioWorker.java:282)
	at org.jboss.netty.channel.socket.nio.NioWorker.run(NioWorker.java:203)
	at org.jboss.netty.util.ThreadRenamingRunnable.run(ThreadRenamingRunnable.java:113)
	at org.jboss.netty.util.internal.IoWorkerRunnable.run(IoWorkerRunnable.java:53)
	at java.util.concurrent.ThreadPoolExecutor.runWorker(Unknown Source)
	at java.util.concurrent.ThreadPoolExecutor$Worker.run(Unknown Source)
	at java.lang.Thread.run(Unknown Source)
java.lang.ClassCastException: navigators.smart.reconfiguration.views.View cannot be cast to br.unb.cic.replication.Response
	at br.unb.cic.replication.client.TupleSpaceClient$1.compare(TupleSpaceClient.java:36)
	at br.unb.cic.replication.client.TupleSpaceClient$1.compare(TupleSpaceClient.java:32)
	at navigators.smart.tom.ServiceProxy.replyReceived(ServiceProxy.java:322)
	at navigators.smart.communication.client.netty.NettyClientServerCommunicationSystemClientSide.messageReceived(NettyClientServerCommunicationSystemClientSide.java:262)
	at org.jboss.netty.channel.SimpleChannelUpstreamHandler.handleUpstream(SimpleChannelUpstreamHandler.java:87)
	at org.jboss.netty.channel.DefaultChannelPipeline.sendUpstream(DefaultChannelPipeline.java:567)
	at org.jboss.netty.channel.DefaultChannelPipeline$DefaultChannelHandlerContext.sendUpstream(DefaultChannelPipeline.java:803)
	at org.jboss.netty.channel.SimpleChannelHandler.messageReceived(SimpleChannelHandler.java:159)
	at org.jboss.netty.channel.SimpleChannelHandler.handleUpstream(SimpleChannelHandler.java:105)
	at org.jboss.netty.channel.DefaultChannelPipeline.sendUpstream(DefaultChannelPipeline.java:567)
	at org.jboss.netty.channel.DefaultChannelPipeline$DefaultChannelHandlerContext.sendUpstream(DefaultChannelPipeline.java:803)
	at org.jboss.netty.channel.Channels.fireMessageReceived(Channels.java:385)
	at org.jboss.netty.handler.codec.frame.FrameDecoder.unfoldAndFireMessageReceived(FrameDecoder.java:324)
	at org.jboss.netty.handler.codec.frame.FrameDecoder.callDecode(FrameDecoder.java:306)
	at org.jboss.netty.handler.codec.frame.FrameDecoder.messageReceived(FrameDecoder.java:223)
	at org.jboss.netty.channel.SimpleChannelUpstreamHandler.handleUpstream(SimpleChannelUpstreamHandler.java:87)
	at org.jboss.netty.channel.DefaultChannelPipeline.sendUpstream(DefaultChannelPipeline.java:567)
	at org.jboss.netty.channel.DefaultChannelPipeline.sendUpstream(DefaultChannelPipeline.java:562)
	at org.jboss.netty.channel.Channels.fireMessageReceived(Channels.java:342)
	at org.jboss.netty.channel.Channels.fireMessageReceived(Channels.java:329)
	at org.jboss.netty.channel.socket.nio.NioWorker.read(NioWorker.java:330)
	at org.jboss.netty.channel.socket.nio.NioWorker.processSelectedKeys(NioWorker.java:282)
	at org.jboss.netty.channel.socket.nio.NioWorker.run(NioWorker.java:203)
	at org.jboss.netty.util.ThreadRenamingRunnable.run(ThreadRenamingRunnable.java:113)
	at org.jboss.netty.util.internal.IoWorkerRunnable.run(IoWorkerRunnable.java:53)
	at java.util.concurrent.ThreadPoolExecutor.runWorker(Unknown Source)
	at java.util.concurrent.ThreadPoolExecutor$Worker.run(Unknown Source)
	at java.lang.Thread.run(Unknown Source)
java.lang.ClassCastException: navigators.smart.reconfiguration.views.View cannot be cast to br.unb.cic.replication.Response
	at br.unb.cic.replication.client.TupleSpaceClient$1.compare(TupleSpaceClient.java:36)
	at br.unb.cic.replication.client.TupleSpaceClient$1.compare(TupleSpaceClient.java:32)
	at navigators.smart.tom.ServiceProxy.replyReceived(ServiceProxy.java:322)
	at navigators.smart.communication.client.netty.NettyClientServerCommunicationSystemClientSide.messageReceived(NettyClientServerCommunicationSystemClientSide.java:262)
	at org.jboss.netty.channel.SimpleChannelUpstreamHandler.handleUpstream(SimpleChannelUpstreamHandler.java:87)
	at org.jboss.netty.channel.DefaultChannelPipeline.sendUpstream(DefaultChannelPipeline.java:567)
	at org.jboss.netty.channel.DefaultChannelPipeline$DefaultChannelHandlerContext.sendUpstream(DefaultChannelPipeline.java:803)
	at org.jboss.netty.channel.SimpleChannelHandler.messageReceived(SimpleChannelHandler.java:159)
	at org.jboss.netty.channel.SimpleChannelHandler.handleUpstream(SimpleChannelHandler.java:105)
	at org.jboss.netty.channel.DefaultChannelPipeline.sendUpstream(DefaultChannelPipeline.java:567)
	at org.jboss.netty.channel.DefaultChannelPipeline$DefaultChannelHandlerContext.sendUpstream(DefaultChannelPipeline.java:803)
	at org.jboss.netty.channel.Channels.fireMessageReceived(Channels.java:385)
	at org.jboss.netty.handler.codec.frame.FrameDecoder.unfoldAndFireMessageReceived(FrameDecoder.java:324)
	at org.jboss.netty.handler.codec.frame.FrameDecoder.callDecode(FrameDecoder.java:306)
	at org.jboss.netty.handler.codec.frame.FrameDecoder.messageReceived(FrameDecoder.java:223)
	at org.jboss.netty.channel.SimpleChannelUpstreamHandler.handleUpstream(SimpleChannelUpstreamHandler.java:87)
	at org.jboss.netty.channel.DefaultChannelPipeline.sendUpstream(DefaultChannelPipeline.java:567)
	at org.jboss.netty.channel.DefaultChannelPipeline.sendUpstream(DefaultChannelPipeline.java:562)
	at org.jboss.netty.channel.Channels.fireMessageReceived(Channels.java:342)
	at org.jboss.netty.channel.Channels.fireMessageReceived(Channels.java:329)
	at org.jboss.netty.channel.socket.nio.NioWorker.read(NioWorker.java:330)
	at org.jboss.netty.channel.socket.nio.NioWorker.processSelectedKeys(NioWorker.java:282)
	at org.jboss.netty.channel.socket.nio.NioWorker.run(NioWorker.java:203)
	at org.jboss.netty.util.ThreadRenamingRunnable.run(ThreadRenamingRunnable.java:113)
	at org.jboss.netty.util.internal.IoWorkerRunnable.run(IoWorkerRunnable.java:53)
	at java.util.concurrent.ThreadPoolExecutor.runWorker(Unknown Source)
	at java.util.concurrent.ThreadPoolExecutor$Worker.run(Unknown Source)
	at java.lang.Thread.run(Unknown Source)
java.lang.ClassCastException: navigators.smart.reconfiguration.views.View cannot be cast to br.unb.cic.replication.Response
	at br.unb.cic.replication.client.TupleSpaceClient$1.compare(TupleSpaceClient.java:36)
	at br.unb.cic.replication.client.TupleSpaceClient$1.compare(TupleSpaceClient.java:32)
	at navigators.smart.tom.ServiceProxy.replyReceived(ServiceProxy.java:322)
	at navigators.smart.communication.client.netty.NettyClientServerCommunicationSystemClientSide.messageReceived(NettyClientServerCommunicationSystemClientSide.java:262)
	at org.jboss.netty.channel.SimpleChannelUpstreamHandler.handleUpstream(SimpleChannelUpstreamHandler.java:87)
	at org.jboss.netty.channel.DefaultChannelPipeline.sendUpstream(DefaultChannelPipeline.java:567)
	at org.jboss.netty.channel.DefaultChannelPipeline$DefaultChannelHandlerContext.sendUpstream(DefaultChannelPipeline.java:803)
	at org.jboss.netty.channel.SimpleChannelHandler.messageReceived(SimpleChannelHandler.java:159)
	at org.jboss.netty.channel.SimpleChannelHandler.handleUpstream(SimpleChannelHandler.java:105)
	at org.jboss.netty.channel.DefaultChannelPipeline.sendUpstream(DefaultChannelPipeline.java:567)
	at org.jboss.netty.channel.DefaultChannelPipeline$DefaultChannelHandlerContext.sendUpstream(DefaultChannelPipeline.java:803)
	at org.jboss.netty.channel.Channels.fireMessageReceived(Channels.java:385)
	at org.jboss.netty.handler.codec.frame.FrameDecoder.unfoldAndFireMessageReceived(FrameDecoder.java:324)
	at org.jboss.netty.handler.codec.frame.FrameDecoder.callDecode(FrameDecoder.java:306)
	at org.jboss.netty.handler.codec.frame.FrameDecoder.messageReceived(FrameDecoder.java:223)
	at org.jboss.netty.channel.SimpleChannelUpstreamHandler.handleUpstream(SimpleChannelUpstreamHandler.java:87)
	at org.jboss.netty.channel.DefaultChannelPipeline.sendUpstream(DefaultChannelPipeline.java:567)
	at org.jboss.netty.channel.DefaultChannelPipeline.sendUpstream(DefaultChannelPipeline.java:562)
	at org.jboss.netty.channel.Channels.fireMessageReceived(Channels.java:342)
	at org.jboss.netty.channel.Channels.fireMessageReceived(Channels.java:329)
	at org.jboss.netty.channel.socket.nio.NioWorker.read(NioWorker.java:330)
	at org.jboss.netty.channel.socket.nio.NioWorker.processSelectedKeys(NioWorker.java:282)
	at org.jboss.netty.channel.socket.nio.NioWorker.run(NioWorker.java:203)
	at org.jboss.netty.util.ThreadRenamingRunnable.run(ThreadRenamingRunnable.java:113)
	at org.jboss.netty.util.internal.IoWorkerRunnable.run(IoWorkerRunnable.java:53)
	at java.util.concurrent.ThreadPoolExecutor.runWorker(Unknown Source)
	at java.util.concurrent.ThreadPoolExecutor$Worker.run(Unknown Source)
	at java.lang.Thread.run(Unknown Source)
java.lang.ClassCastException: navigators.smart.reconfiguration.views.View cannot be cast to br.unb.cic.replication.Response
	at br.unb.cic.replication.client.TupleSpaceClient$1.compare(TupleSpaceClient.java:36)
	at br.unb.cic.replication.client.TupleSpaceClient$1.compare(TupleSpaceClient.java:32)
	at navigators.smart.tom.ServiceProxy.replyReceived(ServiceProxy.java:322)
	at navigators.smart.communication.client.netty.NettyClientServerCommunicationSystemClientSide.messageReceived(NettyClientServerCommunicationSystemClientSide.java:262)
	at org.jboss.netty.channel.SimpleChannelUpstreamHandler.handleUpstream(SimpleChannelUpstreamHandler.java:87)
	at org.jboss.netty.channel.DefaultChannelPipeline.sendUpstream(DefaultChannelPipeline.java:567)
	at org.jboss.netty.channel.DefaultChannelPipeline$DefaultChannelHandlerContext.sendUpstream(DefaultChannelPipeline.java:803)
	at org.jboss.netty.channel.SimpleChannelHandler.messageReceived(SimpleChannelHandler.java:159)
	at org.jboss.netty.channel.SimpleChannelHandler.handleUpstream(SimpleChannelHandler.java:105)
	at org.jboss.netty.channel.DefaultChannelPipeline.sendUpstream(DefaultChannelPipeline.java:567)
	at org.jboss.netty.channel.DefaultChannelPipeline$DefaultChannelHandlerContext.sendUpstream(DefaultChannelPipeline.java:803)
	at org.jboss.netty.channel.Channels.fireMessageReceived(Channels.java:385)
	at org.jboss.netty.handler.codec.frame.FrameDecoder.unfoldAndFireMessageReceived(FrameDecoder.java:324)
	at org.jboss.netty.handler.codec.frame.FrameDecoder.callDecode(FrameDecoder.java:306)
	at org.jboss.netty.handler.codec.frame.FrameDecoder.messageReceived(FrameDecoder.java:223)
	at org.jboss.netty.channel.SimpleChannelUpstreamHandler.handleUpstream(SimpleChannelUpstreamHandler.java:87)
	at org.jboss.netty.channel.DefaultChannelPipeline.sendUpstream(DefaultChannelPipeline.java:567)
	at org.jboss.netty.channel.DefaultChannelPipeline.sendUpstream(DefaultChannelPipeline.java:562)
	at org.jboss.netty.channel.Channels.fireMessageReceived(Channels.java:342)
	at org.jboss.netty.channel.Channels.fireMessageReceived(Channels.java:329)
	at org.jboss.netty.channel.socket.nio.NioWorker.read(NioWorker.java:330)
	at org.jboss.netty.channel.socket.nio.NioWorker.processSelectedKeys(NioWorker.java:282)
	at org.jboss.netty.channel.socket.nio.NioWorker.run(NioWorker.java:203)
	at org.jboss.netty.util.ThreadRenamingRunnable.run(ThreadRenamingRunnable.java:113)
	at org.jboss.netty.util.internal.IoWorkerRunnable.run(IoWorkerRunnable.java:53)
	at java.util.concurrent.ThreadPoolExecutor.runWorker(Unknown Source)
	at java.util.concurrent.ThreadPoolExecutor$Worker.run(Unknown Source)
	at java.lang.Thread.run(Unknown Source)
java.lang.ClassCastException: navigators.smart.reconfiguration.views.View cannot be cast to br.unb.cic.replication.Response
	at br.unb.cic.replication.client.TupleSpaceClient$1.compare(TupleSpaceClient.java:36)
	at br.unb.cic.replication.client.TupleSpaceClient$1.compare(TupleSpaceClient.java:32)
	at navigators.smart.tom.ServiceProxy.replyReceived(ServiceProxy.java:322)
	at navigators.smart.communication.client.netty.NettyClientServerCommunicationSystemClientSide.messageReceived(NettyClientServerCommunicationSystemClientSide.java:262)
	at org.jboss.netty.channel.SimpleChannelUpstreamHandler.handleUpstream(SimpleChannelUpstreamHandler.java:87)
	at org.jboss.netty.channel.DefaultChannelPipeline.sendUpstream(DefaultChannelPipeline.java:567)
	at org.jboss.netty.channel.DefaultChannelPipeline$DefaultChannelHandlerContext.sendUpstream(DefaultChannelPipeline.java:803)
	at org.jboss.netty.channel.SimpleChannelHandler.messageReceived(SimpleChannelHandler.java:159)
	at org.jboss.netty.channel.SimpleChannelHandler.handleUpstream(SimpleChannelHandler.java:105)
	at org.jboss.netty.channel.DefaultChannelPipeline.sendUpstream(DefaultChannelPipeline.java:567)
	at org.jboss.netty.channel.DefaultChannelPipeline$DefaultChannelHandlerContext.sendUpstream(DefaultChannelPipeline.java:803)
	at org.jboss.netty.channel.Channels.fireMessageReceived(Channels.java:385)
	at org.jboss.netty.handler.codec.frame.FrameDecoder.unfoldAndFireMessageReceived(FrameDecoder.java:324)
	at org.jboss.netty.handler.codec.frame.FrameDecoder.callDecode(FrameDecoder.java:306)
	at org.jboss.netty.handler.codec.frame.FrameDecoder.messageReceived(FrameDecoder.java:223)
	at org.jboss.netty.channel.SimpleChannelUpstreamHandler.handleUpstream(SimpleChannelUpstreamHandler.java:87)
	at org.jboss.netty.channel.DefaultChannelPipeline.sendUpstream(DefaultChannelPipeline.java:567)
	at org.jboss.netty.channel.DefaultChannelPipeline.sendUpstream(DefaultChannelPipeline.java:562)
	at org.jboss.netty.channel.Channels.fireMessageReceived(Channels.java:342)
	at org.jboss.netty.channel.Channels.fireMessageReceived(Channels.java:329)
	at org.jboss.netty.channel.socket.nio.NioWorker.read(NioWorker.java:330)
	at org.jboss.netty.channel.socket.nio.NioWorker.processSelectedKeys(NioWorker.java:282)
	at org.jboss.netty.channel.socket.nio.NioWorker.run(NioWorker.java:203)
	at org.jboss.netty.util.ThreadRenamingRunnable.run(ThreadRenamingRunnable.java:113)
	at org.jboss.netty.util.internal.IoWorkerRunnable.run(IoWorkerRunnable.java:53)
	at java.util.concurrent.ThreadPoolExecutor.runWorker(Unknown Source)
	at java.util.concurrent.ThreadPoolExecutor$Worker.run(Unknown Source)
	at java.lang.Thread.run(Unknown Source)
java.lang.ClassCastException: navigators.smart.reconfiguration.views.View cannot be cast to br.unb.cic.replication.Response
	at br.unb.cic.replication.client.TupleSpaceClient$1.compare(TupleSpaceClient.java:36)
	at br.unb.cic.replication.client.TupleSpaceClient$1.compare(TupleSpaceClient.java:32)
	at navigators.smart.tom.ServiceProxy.replyReceived(ServiceProxy.java:322)
	at navigators.smart.communication.client.netty.NettyClientServerCommunicationSystemClientSide.messageReceived(NettyClientServerCommunicationSystemClientSide.java:262)
	at org.jboss.netty.channel.SimpleChannelUpstreamHandler.handleUpstream(SimpleChannelUpstreamHandler.java:87)
	at org.jboss.netty.channel.DefaultChannelPipeline.sendUpstream(DefaultChannelPipeline.java:567)
	at org.jboss.netty.channel.DefaultChannelPipeline$DefaultChannelHandlerContext.sendUpstream(DefaultChannelPipeline.java:803)
	at org.jboss.netty.channel.SimpleChannelHandler.messageReceived(SimpleChannelHandler.java:159)
	at org.jboss.netty.channel.SimpleChannelHandler.handleUpstream(SimpleChannelHandler.java:105)
	at org.jboss.netty.channel.DefaultChannelPipeline.sendUpstream(DefaultChannelPipeline.java:567)
	at org.jboss.netty.channel.DefaultChannelPipeline$DefaultChannelHandlerContext.sendUpstream(DefaultChannelPipeline.java:803)
	at org.jboss.netty.channel.Channels.fireMessageReceived(Channels.java:385)
	at org.jboss.netty.handler.codec.frame.FrameDecoder.unfoldAndFireMessageReceived(FrameDecoder.java:324)
	at org.jboss.netty.handler.codec.frame.FrameDecoder.callDecode(FrameDecoder.java:306)
	at org.jboss.netty.handler.codec.frame.FrameDecoder.messageReceived(FrameDecoder.java:223)
	at org.jboss.netty.channel.SimpleChannelUpstreamHandler.handleUpstream(SimpleChannelUpstreamHandler.java:87)
	at org.jboss.netty.channel.DefaultChannelPipeline.sendUpstream(DefaultChannelPipeline.java:567)
	at org.jboss.netty.channel.DefaultChannelPipeline.sendUpstream(DefaultChannelPipeline.java:562)
	at org.jboss.netty.channel.Channels.fireMessageReceived(Channels.java:342)
	at org.jboss.netty.channel.Channels.fireMessageReceived(Channels.java:329)
	at org.jboss.netty.channel.socket.nio.NioWorker.read(NioWorker.java:330)
	at org.jboss.netty.channel.socket.nio.NioWorker.processSelectedKeys(NioWorker.java:282)
	at org.jboss.netty.channel.socket.nio.NioWorker.run(NioWorker.java:203)
	at org.jboss.netty.util.ThreadRenamingRunnable.run(ThreadRenamingRunnable.java:113)
	at org.jboss.netty.util.internal.IoWorkerRunnable.run(IoWorkerRunnable.java:53)
	at java.util.concurrent.ThreadPoolExecutor.runWorker(Unknown Source)
	at java.util.concurrent.ThreadPoolExecutor$Worker.run(Unknown Source)
	at java.lang.Thread.run(Unknown Source)
Exception in thread "AWT-EventQueue-0" java.lang.RuntimeException: Received n-f replies without f+1 of them matching.
	at navigators.smart.tom.ServiceProxy.invoke(ServiceProxy.java:218)
	at navigators.smart.tom.ServiceProxy.invokeOrdered(ServiceProxy.java:145)
	at br.unb.cic.replication.client.TupleSpaceClient.executeOp(TupleSpaceClient.java:129)
	at br.unb.cic.replication.client.TupleSpaceClient.out(TupleSpaceClient.java:61)
	at br.unb.cic.replication.client.TupleSpaceAccess.out(TupleSpaceAccess.java:51)
	at br.unb.cic.replication.client.TupleSpaceAccess.out(TupleSpaceAccess.java:29)
	at br.unb.cic.test.GUI.jButton1ActionPerformed(GUI.java:174)
	at br.unb.cic.test.GUI.access$100(GUI.java:16)
	at br.unb.cic.test.GUI$2.actionPerformed(GUI.java:64)
	at javax.swing.AbstractButton.fireActionPerformed(Unknown Source)
	at javax.swing.AbstractButton$Handler.actionPerformed(Unknown Source)
	at javax.swing.DefaultButtonModel.fireActionPerformed(Unknown Source)
	at javax.swing.DefaultButtonModel.setPressed(Unknown Source)
	at javax.swing.plaf.basic.BasicButtonListener.mouseReleased(Unknown Source)
	at java.awt.Component.processMouseEvent(Unknown Source)
	at javax.swing.JComponent.processMouseEvent(Unknown Source)
	at java.awt.Component.processEvent(Unknown Source)
	at java.awt.Container.processEvent(Unknown Source)
	at java.awt.Component.dispatchEventImpl(Unknown Source)
	at java.awt.Container.dispatchEventImpl(Unknown Source)
	at java.awt.Component.dispatchEvent(Unknown Source)
	at java.awt.LightweightDispatcher.retargetMouseEvent(Unknown Source)
	at java.awt.LightweightDispatcher.processMouseEvent(Unknown Source)
	at java.awt.LightweightDispatcher.dispatchEvent(Unknown Source)
	at java.awt.Container.dispatchEventImpl(Unknown Source)
	at java.awt.Window.dispatchEventImpl(Unknown Source)
	at java.awt.Component.dispatchEvent(Unknown Source)
	at java.awt.EventQueue.dispatchEventImpl(Unknown Source)
	at java.awt.EventQueue.access$200(Unknown Source)
	at java.awt.EventQueue$3.run(Unknown Source)
	at java.awt.EventQueue$3.run(Unknown Source)
	at java.security.AccessController.doPrivileged(Native Method)
	at java.security.ProtectionDomain$1.doIntersectionPrivilege(Unknown Source)
	at java.security.ProtectionDomain$1.doIntersectionPrivilege(Unknown Source)
	at java.awt.EventQueue$4.run(Unknown Source)
	at java.awt.EventQueue$4.run(Unknown Source)
	at java.security.AccessController.doPrivileged(Native Method)
	at java.security.ProtectionDomain$1.doIntersectionPrivilege(Unknown Source)
	at java.awt.EventQueue.dispatchEvent(Unknown Source)
	at java.awt.EventDispatchThread.pumpOneEventForFilters(Unknown Source)
	at java.awt.EventDispatchThread.pumpEventsForFilter(Unknown Source)
	at java.awt.EventDispatchThread.pumpEventsForHierarchy(Unknown Source)
	at java.awt.EventDispatchThread.pumpEvents(Unknown Source)
	at java.awt.EventDispatchThread.pumpEvents(Unknown Source)
	at java.awt.EventDispatchThread.run(Unknown Source)
java.lang.ClassCastException: navigators.smart.reconfiguration.views.View cannot be cast to br.unb.cic.replication.Response
	at br.unb.cic.replication.client.TupleSpaceClient$1.compare(TupleSpaceClient.java:36)
	at br.unb.cic.replication.client.TupleSpaceClient$1.compare(TupleSpaceClient.java:32)
	at navigators.smart.tom.ServiceProxy.replyReceived(ServiceProxy.java:322)
	at navigators.smart.communication.client.netty.NettyClientServerCommunicationSystemClientSide.messageReceived(NettyClientServerCommunicationSystemClientSide.java:262)
	at org.jboss.netty.channel.SimpleChannelUpstreamHandler.handleUpstream(SimpleChannelUpstreamHandler.java:87)
	at org.jboss.netty.channel.DefaultChannelPipeline.sendUpstream(DefaultChannelPipeline.java:567)
	at org.jboss.netty.channel.DefaultChannelPipeline$DefaultChannelHandlerContext.sendUpstream(DefaultChannelPipeline.java:803)
	at org.jboss.netty.channel.SimpleChannelHandler.messageReceived(SimpleChannelHandler.java:159)
	at org.jboss.netty.channel.SimpleChannelHandler.handleUpstream(SimpleChannelHandler.java:105)
	at org.jboss.netty.channel.DefaultChannelPipeline.sendUpstream(DefaultChannelPipeline.java:567)
	at org.jboss.netty.channel.DefaultChannelPipeline$DefaultChannelHandlerContext.sendUpstream(DefaultChannelPipeline.java:803)
	at org.jboss.netty.channel.Channels.fireMessageReceived(Channels.java:385)
	at org.jboss.netty.handler.codec.frame.FrameDecoder.unfoldAndFireMessageReceived(FrameDecoder.java:324)
	at org.jboss.netty.handler.codec.frame.FrameDecoder.callDecode(FrameDecoder.java:306)
	at org.jboss.netty.handler.codec.frame.FrameDecoder.messageReceived(FrameDecoder.java:223)
	at org.jboss.netty.channel.SimpleChannelUpstreamHandler.handleUpstream(SimpleChannelUpstreamHandler.java:87)
	at org.jboss.netty.channel.DefaultChannelPipeline.sendUpstream(DefaultChannelPipeline.java:567)
	at org.jboss.netty.channel.DefaultChannelPipeline.sendUpstream(DefaultChannelPipeline.java:562)
	at org.jboss.netty.channel.Channels.fireMessageReceived(Channels.java:342)
	at org.jboss.netty.channel.Channels.fireMessageReceived(Channels.java:329)
	at org.jboss.netty.channel.socket.nio.NioWorker.read(NioWorker.java:330)
	at org.jboss.netty.channel.socket.nio.NioWorker.processSelectedKeys(NioWorker.java:282)
	at org.jboss.netty.channel.socket.nio.NioWorker.run(NioWorker.java:203)
	at org.jboss.netty.util.ThreadRenamingRunnable.run(ThreadRenamingRunnable.java:113)
	at org.jboss.netty.util.internal.IoWorkerRunnable.run(IoWorkerRunnable.java:53)
	at java.util.concurrent.ThreadPoolExecutor.runWorker(Unknown Source)
	at java.util.concurrent.ThreadPoolExecutor$Worker.run(Unknown Source)
	at java.lang.Thread.run(Unknown Source)
java.lang.ClassCastException: navigators.smart.reconfiguration.views.View cannot be cast to br.unb.cic.replication.Response
	at br.unb.cic.replication.client.TupleSpaceClient$1.compare(TupleSpaceClient.java:36)
	at br.unb.cic.replication.client.TupleSpaceClient$1.compare(TupleSpaceClient.java:32)
	at navigators.smart.tom.ServiceProxy.replyReceived(ServiceProxy.java:322)
	at navigators.smart.communication.client.netty.NettyClientServerCommunicationSystemClientSide.messageReceived(NettyClientServerCommunicationSystemClientSide.java:262)
	at org.jboss.netty.channel.SimpleChannelUpstreamHandler.handleUpstream(SimpleChannelUpstreamHandler.java:87)
	at org.jboss.netty.channel.DefaultChannelPipeline.sendUpstream(DefaultChannelPipeline.java:567)
	at org.jboss.netty.channel.DefaultChannelPipeline$DefaultChannelHandlerContext.sendUpstream(DefaultChannelPipeline.java:803)
	at org.jboss.netty.channel.SimpleChannelHandler.messageReceived(SimpleChannelHandler.java:159)
	at org.jboss.netty.channel.SimpleChannelHandler.handleUpstream(SimpleChannelHandler.java:105)
	at org.jboss.netty.channel.DefaultChannelPipeline.sendUpstream(DefaultChannelPipeline.java:567)
	at org.jboss.netty.channel.DefaultChannelPipeline$DefaultChannelHandlerContext.sendUpstream(DefaultChannelPipeline.java:803)
	at org.jboss.netty.channel.Channels.fireMessageReceived(Channels.java:385)
	at org.jboss.netty.handler.codec.frame.FrameDecoder.unfoldAndFireMessageReceived(FrameDecoder.java:324)
	at org.jboss.netty.handler.codec.frame.FrameDecoder.callDecode(FrameDecoder.java:306)
	at org.jboss.netty.handler.codec.frame.FrameDecoder.messageReceived(FrameDecoder.java:223)
	at org.jboss.netty.channel.SimpleChannelUpstreamHandler.handleUpstream(SimpleChannelUpstreamHandler.java:87)
	at org.jboss.netty.channel.DefaultChannelPipeline.sendUpstream(DefaultChannelPipeline.java:567)
	at org.jboss.netty.channel.DefaultChannelPipeline.sendUpstream(DefaultChannelPipeline.java:562)
	at org.jboss.netty.channel.Channels.fireMessageReceived(Channels.java:342)
	at org.jboss.netty.channel.Channels.fireMessageReceived(Channels.java:329)
	at org.jboss.netty.channel.socket.nio.NioWorker.read(NioWorker.java:330)
	at org.jboss.netty.channel.socket.nio.NioWorker.processSelectedKeys(NioWorker.java:282)
	at org.jboss.netty.channel.socket.nio.NioWorker.run(NioWorker.java:203)
	at org.jboss.netty.util.ThreadRenamingRunnable.run(ThreadRenamingRunnable.java:113)
	at org.jboss.netty.util.internal.IoWorkerRunnable.run(IoWorkerRunnable.java:53)
	at java.util.concurrent.ThreadPoolExecutor.runWorker(Unknown Source)
	at java.util.concurrent.ThreadPoolExecutor$Worker.run(Unknown Source)
	at java.lang.Thread.run(Unknown Source)
java.lang.ClassCastException: navigators.smart.reconfiguration.views.View cannot be cast to br.unb.cic.replication.Response
	at br.unb.cic.replication.client.TupleSpaceClient$1.compare(TupleSpaceClient.java:36)
	at br.unb.cic.replication.client.TupleSpaceClient$1.compare(TupleSpaceClient.java:32)
	at navigators.smart.tom.ServiceProxy.replyReceived(ServiceProxy.java:322)
	at navigators.smart.communication.client.netty.NettyClientServerCommunicationSystemClientSide.messageReceived(NettyClientServerCommunicationSystemClientSide.java:262)
	at org.jboss.netty.channel.SimpleChannelUpstreamHandler.handleUpstream(SimpleChannelUpstreamHandler.java:87)
	at org.jboss.netty.channel.DefaultChannelPipeline.sendUpstream(DefaultChannelPipeline.java:567)
	at org.jboss.netty.channel.DefaultChannelPipeline$DefaultChannelHandlerContext.sendUpstream(DefaultChannelPipeline.java:803)
	at org.jboss.netty.channel.SimpleChannelHandler.messageReceived(SimpleChannelHandler.java:159)
	at org.jboss.netty.channel.SimpleChannelHandler.handleUpstream(SimpleChannelHandler.java:105)
	at org.jboss.netty.channel.DefaultChannelPipeline.sendUpstream(DefaultChannelPipeline.java:567)
	at org.jboss.netty.channel.DefaultChannelPipeline$DefaultChannelHandlerContext.sendUpstream(DefaultChannelPipeline.java:803)
	at org.jboss.netty.channel.Channels.fireMessageReceived(Channels.java:385)
	at org.jboss.netty.handler.codec.frame.FrameDecoder.unfoldAndFireMessageReceived(FrameDecoder.java:324)
	at org.jboss.netty.handler.codec.frame.FrameDecoder.callDecode(FrameDecoder.java:306)
	at org.jboss.netty.handler.codec.frame.FrameDecoder.messageReceived(FrameDecoder.java:223)
	at org.jboss.netty.channel.SimpleChannelUpstreamHandler.handleUpstream(SimpleChannelUpstreamHandler.java:87)
	at org.jboss.netty.channel.DefaultChannelPipeline.sendUpstream(DefaultChannelPipeline.java:567)
	at org.jboss.netty.channel.DefaultChannelPipeline.sendUpstream(DefaultChannelPipeline.java:562)
	at org.jboss.netty.channel.Channels.fireMessageReceived(Channels.java:342)
	at org.jboss.netty.channel.Channels.fireMessageReceived(Channels.java:329)
	at org.jboss.netty.channel.socket.nio.NioWorker.read(NioWorker.java:330)
	at org.jboss.netty.channel.socket.nio.NioWorker.processSelectedKeys(NioWorker.java:282)
	at org.jboss.netty.channel.socket.nio.NioWorker.run(NioWorker.java:203)
	at org.jboss.netty.util.ThreadRenamingRunnable.run(ThreadRenamingRunnable.java:113)
	at org.jboss.netty.util.internal.IoWorkerRunnable.run(IoWorkerRunnable.java:53)
	at java.util.concurrent.ThreadPoolExecutor.runWorker(Unknown Source)
	at java.util.concurrent.ThreadPoolExecutor$Worker.run(Unknown Source)
	at java.lang.Thread.run(Unknown Source)
java.lang.ClassCastException: navigators.smart.reconfiguration.views.View cannot be cast to br.unb.cic.replication.Response
	at br.unb.cic.replication.client.TupleSpaceClient$1.compare(TupleSpaceClient.java:36)
	at br.unb.cic.replication.client.TupleSpaceClient$1.compare(TupleSpaceClient.java:32)
	at navigators.smart.tom.ServiceProxy.replyReceived(ServiceProxy.java:322)
	at navigators.smart.communication.client.netty.NettyClientServerCommunicationSystemClientSide.messageReceived(NettyClientServerCommunicationSystemClientSide.java:262)
	at org.jboss.netty.channel.SimpleChannelUpstreamHandler.handleUpstream(SimpleChannelUpstreamHandler.java:87)
	at org.jboss.netty.channel.DefaultChannelPipeline.sendUpstream(DefaultChannelPipeline.java:567)
	at org.jboss.netty.channel.DefaultChannelPipeline$DefaultChannelHandlerContext.sendUpstream(DefaultChannelPipeline.java:803)
	at org.jboss.netty.channel.SimpleChannelHandler.messageReceived(SimpleChannelHandler.java:159)
	at org.jboss.netty.channel.SimpleChannelHandler.handleUpstream(SimpleChannelHandler.java:105)
	at org.jboss.netty.channel.DefaultChannelPipeline.sendUpstream(DefaultChannelPipeline.java:567)
	at org.jboss.netty.channel.DefaultChannelPipeline$DefaultChannelHandlerContext.sendUpstream(DefaultChannelPipeline.java:803)
	at org.jboss.netty.channel.Channels.fireMessageReceived(Channels.java:385)
	at org.jboss.netty.handler.codec.frame.FrameDecoder.unfoldAndFireMessageReceived(FrameDecoder.java:324)
	at org.jboss.netty.handler.codec.frame.FrameDecoder.callDecode(FrameDecoder.java:306)
	at org.jboss.netty.handler.codec.frame.FrameDecoder.messageReceived(FrameDecoder.java:223)
	at org.jboss.netty.channel.SimpleChannelUpstreamHandler.handleUpstream(SimpleChannelUpstreamHandler.java:87)
	at org.jboss.netty.channel.DefaultChannelPipeline.sendUpstream(DefaultChannelPipeline.java:567)
	at org.jboss.netty.channel.DefaultChannelPipeline.sendUpstream(DefaultChannelPipeline.java:562)
	at org.jboss.netty.channel.Channels.fireMessageReceived(Channels.java:342)
	at org.jboss.netty.channel.Channels.fireMessageReceived(Channels.java:329)
	at org.jboss.netty.channel.socket.nio.NioWorker.read(NioWorker.java:330)
	at org.jboss.netty.channel.socket.nio.NioWorker.processSelectedKeys(NioWorker.java:282)
	at org.jboss.netty.channel.socket.nio.NioWorker.run(NioWorker.java:203)
	at org.jboss.netty.util.ThreadRenamingRunnable.run(ThreadRenamingRunnable.java:113)
	at org.jboss.netty.util.internal.IoWorkerRunnable.run(IoWorkerRunnable.java:53)
	at java.util.concurrent.ThreadPoolExecutor.runWorker(Unknown Source)
	at java.util.concurrent.ThreadPoolExecutor$Worker.run(Unknown Source)
	at java.lang.Thread.run(Unknown Source)
java.lang.ClassCastException: navigators.smart.reconfiguration.views.View cannot be cast to br.unb.cic.replication.Response
	at br.unb.cic.replication.client.TupleSpaceClient$1.compare(TupleSpaceClient.java:36)
	at br.unb.cic.replication.client.TupleSpaceClient$1.compare(TupleSpaceClient.java:32)
	at navigators.smart.tom.ServiceProxy.replyReceived(ServiceProxy.java:322)
	at navigators.smart.communication.client.netty.NettyClientServerCommunicationSystemClientSide.messageReceived(NettyClientServerCommunicationSystemClientSide.java:262)
	at org.jboss.netty.channel.SimpleChannelUpstreamHandler.handleUpstream(SimpleChannelUpstreamHandler.java:87)
	at org.jboss.netty.channel.DefaultChannelPipeline.sendUpstream(DefaultChannelPipeline.java:567)
	at org.jboss.netty.channel.DefaultChannelPipeline$DefaultChannelHandlerContext.sendUpstream(DefaultChannelPipeline.java:803)
	at org.jboss.netty.channel.SimpleChannelHandler.messageReceived(SimpleChannelHandler.java:159)
	at org.jboss.netty.channel.SimpleChannelHandler.handleUpstream(SimpleChannelHandler.java:105)
	at org.jboss.netty.channel.DefaultChannelPipeline.sendUpstream(DefaultChannelPipeline.java:567)
	at org.jboss.netty.channel.DefaultChannelPipeline$DefaultChannelHandlerContext.sendUpstream(DefaultChannelPipeline.java:803)
	at org.jboss.netty.channel.Channels.fireMessageReceived(Channels.java:385)
	at org.jboss.netty.handler.codec.frame.FrameDecoder.unfoldAndFireMessageReceived(FrameDecoder.java:324)
	at org.jboss.netty.handler.codec.frame.FrameDecoder.callDecode(FrameDecoder.java:306)
	at org.jboss.netty.handler.codec.frame.FrameDecoder.messageReceived(FrameDecoder.java:223)
	at org.jboss.netty.channel.SimpleChannelUpstreamHandler.handleUpstream(SimpleChannelUpstreamHandler.java:87)
	at org.jboss.netty.channel.DefaultChannelPipeline.sendUpstream(DefaultChannelPipeline.java:567)
	at org.jboss.netty.channel.DefaultChannelPipeline.sendUpstream(DefaultChannelPipeline.java:562)
	at org.jboss.netty.channel.Channels.fireMessageReceived(Channels.java:342)
	at org.jboss.netty.channel.Channels.fireMessageReceived(Channels.java:329)
	at org.jboss.netty.channel.socket.nio.NioWorker.read(NioWorker.java:330)
	at org.jboss.netty.channel.socket.nio.NioWorker.processSelectedKeys(NioWorker.java:282)
	at org.jboss.netty.channel.socket.nio.NioWorker.run(NioWorker.java:203)
	at org.jboss.netty.util.ThreadRenamingRunnable.run(ThreadRenamingRunnable.java:113)
	at org.jboss.netty.util.internal.IoWorkerRunnable.run(IoWorkerRunnable.java:53)
	at java.util.concurrent.ThreadPoolExecutor.runWorker(Unknown Source)
	at java.util.concurrent.ThreadPoolExecutor$Worker.run(Unknown Source)
	at java.lang.Thread.run(Unknown Source)
java.lang.ClassCastException: navigators.smart.reconfiguration.views.View cannot be cast to br.unb.cic.replication.Response
	at br.unb.cic.replication.client.TupleSpaceClient$1.compare(TupleSpaceClient.java:36)
	at br.unb.cic.replication.client.TupleSpaceClient$1.compare(TupleSpaceClient.java:32)
	at navigators.smart.tom.ServiceProxy.replyReceived(ServiceProxy.java:322)
	at navigators.smart.communication.client.netty.NettyClientServerCommunicationSystemClientSide.messageReceived(NettyClientServerCommunicationSystemClientSide.java:262)
	at org.jboss.netty.channel.SimpleChannelUpstreamHandler.handleUpstream(SimpleChannelUpstreamHandler.java:87)
	at org.jboss.netty.channel.DefaultChannelPipeline.sendUpstream(DefaultChannelPipeline.java:567)
	at org.jboss.netty.channel.DefaultChannelPipeline$DefaultChannelHandlerContext.sendUpstream(DefaultChannelPipeline.java:803)
	at org.jboss.netty.channel.SimpleChannelHandler.messageReceived(SimpleChannelHandler.java:159)
	at org.jboss.netty.channel.SimpleChannelHandler.handleUpstream(SimpleChannelHandler.java:105)
	at org.jboss.netty.channel.DefaultChannelPipeline.sendUpstream(DefaultChannelPipeline.java:567)
	at org.jboss.netty.channel.DefaultChannelPipeline$DefaultChannelHandlerContext.sendUpstream(DefaultChannelPipeline.java:803)
	at org.jboss.netty.channel.Channels.fireMessageReceived(Channels.java:385)
	at org.jboss.netty.handler.codec.frame.FrameDecoder.unfoldAndFireMessageReceived(FrameDecoder.java:324)
	at org.jboss.netty.handler.codec.frame.FrameDecoder.callDecode(FrameDecoder.java:306)
	at org.jboss.netty.handler.codec.frame.FrameDecoder.messageReceived(FrameDecoder.java:223)
	at org.jboss.netty.channel.SimpleChannelUpstreamHandler.handleUpstream(SimpleChannelUpstreamHandler.java:87)
	at org.jboss.netty.channel.DefaultChannelPipeline.sendUpstream(DefaultChannelPipeline.java:567)
	at org.jboss.netty.channel.DefaultChannelPipeline.sendUpstream(DefaultChannelPipeline.java:562)
	at org.jboss.netty.channel.Channels.fireMessageReceived(Channels.java:342)
	at org.jboss.netty.channel.Channels.fireMessageReceived(Channels.java:329)
	at org.jboss.netty.channel.socket.nio.NioWorker.read(NioWorker.java:330)
	at org.jboss.netty.channel.socket.nio.NioWorker.processSelectedKeys(NioWorker.java:282)
	at org.jboss.netty.channel.socket.nio.NioWorker.run(NioWorker.java:203)
	at org.jboss.netty.util.ThreadRenamingRunnable.run(ThreadRenamingRunnable.java:113)
	at org.jboss.netty.util.internal.IoWorkerRunnable.run(IoWorkerRunnable.java:53)
	at java.util.concurrent.ThreadPoolExecutor.runWorker(Unknown Source)
	at java.util.concurrent.ThreadPoolExecutor$Worker.run(Unknown Source)
	at java.lang.Thread.run(Unknown Source)
java.lang.ClassCastException: navigators.smart.reconfiguration.views.View cannot be cast to br.unb.cic.replication.Response
	at br.unb.cic.replication.client.TupleSpaceClient$1.compare(TupleSpaceClient.java:36)
	at br.unb.cic.replication.client.TupleSpaceClient$1.compare(TupleSpaceClient.java:32)
	at navigators.smart.tom.ServiceProxy.replyReceived(ServiceProxy.java:322)
	at navigators.smart.communication.client.netty.NettyClientServerCommunicationSystemClientSide.messageReceived(NettyClientServerCommunicationSystemClientSide.java:262)
	at org.jboss.netty.channel.SimpleChannelUpstreamHandler.handleUpstream(SimpleChannelUpstreamHandler.java:87)
	at org.jboss.netty.channel.DefaultChannelPipeline.sendUpstream(DefaultChannelPipeline.java:567)
	at org.jboss.netty.channel.DefaultChannelPipeline$DefaultChannelHandlerContext.sendUpstream(DefaultChannelPipeline.java:803)
	at org.jboss.netty.channel.SimpleChannelHandler.messageReceived(SimpleChannelHandler.java:159)
	at org.jboss.netty.channel.SimpleChannelHandler.handleUpstream(SimpleChannelHandler.java:105)
	at org.jboss.netty.channel.DefaultChannelPipeline.sendUpstream(DefaultChannelPipeline.java:567)
	at org.jboss.netty.channel.DefaultChannelPipeline$DefaultChannelHandlerContext.sendUpstream(DefaultChannelPipeline.java:803)
	at org.jboss.netty.channel.Channels.fireMessageReceived(Channels.java:385)
	at org.jboss.netty.handler.codec.frame.FrameDecoder.unfoldAndFireMessageReceived(FrameDecoder.java:324)
	at org.jboss.netty.handler.codec.frame.FrameDecoder.callDecode(FrameDecoder.java:306)
	at org.jboss.netty.handler.codec.frame.FrameDecoder.messageReceived(FrameDecoder.java:223)
	at org.jboss.netty.channel.SimpleChannelUpstreamHandler.handleUpstream(SimpleChannelUpstreamHandler.java:87)
	at org.jboss.netty.channel.DefaultChannelPipeline.sendUpstream(DefaultChannelPipeline.java:567)
	at org.jboss.netty.channel.DefaultChannelPipeline.sendUpstream(DefaultChannelPipeline.java:562)
	at org.jboss.netty.channel.Channels.fireMessageReceived(Channels.java:342)
	at org.jboss.netty.channel.Channels.fireMessageReceived(Channels.java:329)
	at org.jboss.netty.channel.socket.nio.NioWorker.read(NioWorker.java:330)
	at org.jboss.netty.channel.socket.nio.NioWorker.processSelectedKeys(NioWorker.java:282)
	at org.jboss.netty.channel.socket.nio.NioWorker.run(NioWorker.java:203)
	at org.jboss.netty.util.ThreadRenamingRunnable.run(ThreadRenamingRunnable.java:113)
	at org.jboss.netty.util.internal.IoWorkerRunnable.run(IoWorkerRunnable.java:53)
	at java.util.concurrent.ThreadPoolExecutor.runWorker(Unknown Source)
	at java.util.concurrent.ThreadPoolExecutor$Worker.run(Unknown Source)
	at java.lang.Thread.run(Unknown Source)
java.lang.ClassCastException: navigators.smart.reconfiguration.views.View cannot be cast to br.unb.cic.replication.Response
	at br.unb.cic.replication.client.TupleSpaceClient$1.compare(TupleSpaceClient.java:36)
	at br.unb.cic.replication.client.TupleSpaceClient$1.compare(TupleSpaceClient.java:32)
	at navigators.smart.tom.ServiceProxy.replyReceived(ServiceProxy.java:322)
	at navigators.smart.communication.client.netty.NettyClientServerCommunicationSystemClientSide.messageReceived(NettyClientServerCommunicationSystemClientSide.java:262)
	at org.jboss.netty.channel.SimpleChannelUpstreamHandler.handleUpstream(SimpleChannelUpstreamHandler.java:87)
	at org.jboss.netty.channel.DefaultChannelPipeline.sendUpstream(DefaultChannelPipeline.java:567)
	at org.jboss.netty.channel.DefaultChannelPipeline$DefaultChannelHandlerContext.sendUpstream(DefaultChannelPipeline.java:803)
	at org.jboss.netty.channel.SimpleChannelHandler.messageReceived(SimpleChannelHandler.java:159)
	at org.jboss.netty.channel.SimpleChannelHandler.handleUpstream(SimpleChannelHandler.java:105)
	at org.jboss.netty.channel.DefaultChannelPipeline.sendUpstream(DefaultChannelPipeline.java:567)
	at org.jboss.netty.channel.DefaultChannelPipeline$DefaultChannelHandlerContext.sendUpstream(DefaultChannelPipeline.java:803)
	at org.jboss.netty.channel.Channels.fireMessageReceived(Channels.java:385)
	at org.jboss.netty.handler.codec.frame.FrameDecoder.unfoldAndFireMessageReceived(FrameDecoder.java:324)
	at org.jboss.netty.handler.codec.frame.FrameDecoder.callDecode(FrameDecoder.java:306)
	at org.jboss.netty.handler.codec.frame.FrameDecoder.messageReceived(FrameDecoder.java:223)
	at org.jboss.netty.channel.SimpleChannelUpstreamHandler.handleUpstream(SimpleChannelUpstreamHandler.java:87)
	at org.jboss.netty.channel.DefaultChannelPipeline.sendUpstream(DefaultChannelPipeline.java:567)
	at org.jboss.netty.channel.DefaultChannelPipeline.sendUpstream(DefaultChannelPipeline.java:562)
	at org.jboss.netty.channel.Channels.fireMessageReceived(Channels.java:342)
	at org.jboss.netty.channel.Channels.fireMessageReceived(Channels.java:329)
	at org.jboss.netty.channel.socket.nio.NioWorker.read(NioWorker.java:330)
	at org.jboss.netty.channel.socket.nio.NioWorker.processSelectedKeys(NioWorker.java:282)
	at org.jboss.netty.channel.socket.nio.NioWorker.run(NioWorker.java:203)
	at org.jboss.netty.util.ThreadRenamingRunnable.run(ThreadRenamingRunnable.java:113)
	at org.jboss.netty.util.internal.IoWorkerRunnable.run(IoWorkerRunnable.java:53)
	at java.util.concurrent.ThreadPoolExecutor.runWorker(Unknown Source)
	at java.util.concurrent.ThreadPoolExecutor$Worker.run(Unknown Source)
	at java.lang.Thread.run(Unknown Source)
java.lang.ClassCastException: navigators.smart.reconfiguration.views.View cannot be cast to br.unb.cic.replication.Response
	at br.unb.cic.replication.client.TupleSpaceClient$1.compare(TupleSpaceClient.java:36)
	at br.unb.cic.replication.client.TupleSpaceClient$1.compare(TupleSpaceClient.java:32)
	at navigators.smart.tom.ServiceProxy.replyReceived(ServiceProxy.java:322)
	at navigators.smart.communication.client.netty.NettyClientServerCommunicationSystemClientSide.messageReceived(NettyClientServerCommunicationSystemClientSide.java:262)
	at org.jboss.netty.channel.SimpleChannelUpstreamHandler.handleUpstream(SimpleChannelUpstreamHandler.java:87)
	at org.jboss.netty.channel.DefaultChannelPipeline.sendUpstream(DefaultChannelPipeline.java:567)
	at org.jboss.netty.channel.DefaultChannelPipeline$DefaultChannelHandlerContext.sendUpstream(DefaultChannelPipeline.java:803)
	at org.jboss.netty.channel.SimpleChannelHandler.messageReceived(SimpleChannelHandler.java:159)
	at org.jboss.netty.channel.SimpleChannelHandler.handleUpstream(SimpleChannelHandler.java:105)
	at org.jboss.netty.channel.DefaultChannelPipeline.sendUpstream(DefaultChannelPipeline.java:567)
	at org.jboss.netty.channel.DefaultChannelPipeline$DefaultChannelHandlerContext.sendUpstream(DefaultChannelPipeline.java:803)
	at org.jboss.netty.channel.Channels.fireMessageReceived(Channels.java:385)
	at org.jboss.netty.handler.codec.frame.FrameDecoder.unfoldAndFireMessageReceived(FrameDecoder.java:324)
	at org.jboss.netty.handler.codec.frame.FrameDecoder.callDecode(FrameDecoder.java:306)
	at org.jboss.netty.handler.codec.frame.FrameDecoder.messageReceived(FrameDecoder.java:223)
	at org.jboss.netty.channel.SimpleChannelUpstreamHandler.handleUpstream(SimpleChannelUpstreamHandler.java:87)
	at org.jboss.netty.channel.DefaultChannelPipeline.sendUpstream(DefaultChannelPipeline.java:567)
	at org.jboss.netty.channel.DefaultChannelPipeline.sendUpstream(DefaultChannelPipeline.java:562)
	at org.jboss.netty.channel.Channels.fireMessageReceived(Channels.java:342)
	at org.jboss.netty.channel.Channels.fireMessageReceived(Channels.java:329)
	at org.jboss.netty.channel.socket.nio.NioWorker.read(NioWorker.java:330)
	at org.jboss.netty.channel.socket.nio.NioWorker.processSelectedKeys(NioWorker.java:282)
	at org.jboss.netty.channel.socket.nio.NioWorker.run(NioWorker.java:203)
	at org.jboss.netty.util.ThreadRenamingRunnable.run(ThreadRenamingRunnable.java:113)
	at org.jboss.netty.util.internal.IoWorkerRunnable.run(IoWorkerRunnable.java:53)
	at java.util.concurrent.ThreadPoolExecutor.runWorker(Unknown Source)
	at java.util.concurrent.ThreadPoolExecutor$Worker.run(Unknown Source)
	at java.lang.Thread.run(Unknown Source)
java.lang.ClassCastException: navigators.smart.reconfiguration.views.View cannot be cast to br.unb.cic.replication.Response
	at br.unb.cic.replication.client.TupleSpaceClient$1.compare(TupleSpaceClient.java:36)
	at br.unb.cic.replication.client.TupleSpaceClient$1.compare(TupleSpaceClient.java:32)
	at navigators.smart.tom.ServiceProxy.replyReceived(ServiceProxy.java:322)
	at navigators.smart.communication.client.netty.NettyClientServerCommunicationSystemClientSide.messageReceived(NettyClientServerCommunicationSystemClientSide.java:262)
	at org.jboss.netty.channel.SimpleChannelUpstreamHandler.handleUpstream(SimpleChannelUpstreamHandler.java:87)
	at org.jboss.netty.channel.DefaultChannelPipeline.sendUpstream(DefaultChannelPipeline.java:567)
	at org.jboss.netty.channel.DefaultChannelPipeline$DefaultChannelHandlerContext.sendUpstream(DefaultChannelPipeline.java:803)
	at org.jboss.netty.channel.SimpleChannelHandler.messageReceived(SimpleChannelHandler.java:159)
	at org.jboss.netty.channel.SimpleChannelHandler.handleUpstream(SimpleChannelHandler.java:105)
	at org.jboss.netty.channel.DefaultChannelPipeline.sendUpstream(DefaultChannelPipeline.java:567)
	at org.jboss.netty.channel.DefaultChannelPipeline$DefaultChannelHandlerContext.sendUpstream(DefaultChannelPipeline.java:803)
	at org.jboss.netty.channel.Channels.fireMessageReceived(Channels.java:385)
	at org.jboss.netty.handler.codec.frame.FrameDecoder.unfoldAndFireMessageReceived(FrameDecoder.java:324)
	at org.jboss.netty.handler.codec.frame.FrameDecoder.callDecode(FrameDecoder.java:306)
	at org.jboss.netty.handler.codec.frame.FrameDecoder.messageReceived(FrameDecoder.java:223)
	at org.jboss.netty.channel.SimpleChannelUpstreamHandler.handleUpstream(SimpleChannelUpstreamHandler.java:87)
	at org.jboss.netty.channel.DefaultChannelPipeline.sendUpstream(DefaultChannelPipeline.java:567)
	at org.jboss.netty.channel.DefaultChannelPipeline.sendUpstream(DefaultChannelPipeline.java:562)
	at org.jboss.netty.channel.Channels.fireMessageReceived(Channels.java:342)
	at org.jboss.netty.channel.Channels.fireMessageReceived(Channels.java:329)
	at org.jboss.netty.channel.socket.nio.NioWorker.read(NioWorker.java:330)
	at org.jboss.netty.channel.socket.nio.NioWorker.processSelectedKeys(NioWorker.java:282)
	at org.jboss.netty.channel.socket.nio.NioWorker.run(NioWorker.java:203)
	at org.jboss.netty.util.ThreadRenamingRunnable.run(ThreadRenamingRunnable.java:113)
	at org.jboss.netty.util.internal.IoWorkerRunnable.run(IoWorkerRunnable.java:53)
	at java.util.concurrent.ThreadPoolExecutor.runWorker(Unknown Source)
	at java.util.concurrent.ThreadPoolExecutor$Worker.run(Unknown Source)
	at java.lang.Thread.run(Unknown Source)
Exception in thread "AWT-EventQueue-0" java.lang.RuntimeException: Received n-f replies without f+1 of them matching.
	at navigators.smart.tom.ServiceProxy.invoke(ServiceProxy.java:218)
	at navigators.smart.tom.ServiceProxy.invokeOrdered(ServiceProxy.java:145)
	at br.unb.cic.replication.client.TupleSpaceClient.executeOp(TupleSpaceClient.java:129)
	at br.unb.cic.replication.client.TupleSpaceClient.out(TupleSpaceClient.java:61)
	at br.unb.cic.replication.client.TupleSpaceAccess.out(TupleSpaceAccess.java:51)
	at br.unb.cic.replication.client.TupleSpaceAccess.out(TupleSpaceAccess.java:29)
	at br.unb.cic.test.GUI.jButton1ActionPerformed(GUI.java:174)
	at br.unb.cic.test.GUI.access$100(GUI.java:16)
	at br.unb.cic.test.GUI$2.actionPerformed(GUI.java:64)
	at javax.swing.AbstractButton.fireActionPerformed(Unknown Source)
	at javax.swing.AbstractButton$Handler.actionPerformed(Unknown Source)
	at javax.swing.DefaultButtonModel.fireActionPerformed(Unknown Source)
	at javax.swing.DefaultButtonModel.setPressed(Unknown Source)
	at javax.swing.plaf.basic.BasicButtonListener.mouseReleased(Unknown Source)
	at java.awt.Component.processMouseEvent(Unknown Source)
	at javax.swing.JComponent.processMouseEvent(Unknown Source)
	at java.awt.Component.processEvent(Unknown Source)
	at java.awt.Container.processEvent(Unknown Source)
	at java.awt.Component.dispatchEventImpl(Unknown Source)
	at java.awt.Container.dispatchEventImpl(Unknown Source)
	at java.awt.Component.dispatchEvent(Unknown Source)
	at java.awt.LightweightDispatcher.retargetMouseEvent(Unknown Source)
	at java.awt.LightweightDispatcher.processMouseEvent(Unknown Source)
	at java.awt.LightweightDispatcher.dispatchEvent(Unknown Source)
	at java.awt.Container.dispatchEventImpl(Unknown Source)
	at java.awt.Window.dispatchEventImpl(Unknown Source)
	at java.awt.Component.dispatchEvent(Unknown Source)
	at java.awt.EventQueue.dispatchEventImpl(Unknown Source)
	at java.awt.EventQueue.access$200(Unknown Source)
	at java.awt.EventQueue$3.run(Unknown Source)
	at java.awt.EventQueue$3.run(Unknown Source)
	at java.security.AccessController.doPrivileged(Native Method)
	at java.security.ProtectionDomain$1.doIntersectionPrivilege(Unknown Source)
	at java.security.ProtectionDomain$1.doIntersectionPrivilege(Unknown Source)
	at java.awt.EventQueue$4.run(Unknown Source)
	at java.awt.EventQueue$4.run(Unknown Source)
	at java.security.AccessController.doPrivileged(Native Method)
	at java.security.ProtectionDomain$1.doIntersectionPrivilege(Unknown Source)
	at java.awt.EventQueue.dispatchEvent(Unknown Source)
	at java.awt.EventDispatchThread.pumpOneEventForFilters(Unknown Source)
	at java.awt.EventDispatchThread.pumpEventsForFilter(Unknown Source)
	at java.awt.EventDispatchThread.pumpEventsForHierarchy(Unknown Source)
	at java.awt.EventDispatchThread.pumpEvents(Unknown Source)
	at java.awt.EventDispatchThread.pumpEvents(Unknown Source)
	at java.awt.EventDispatchThread.run(Unknown Source)
